\BOOKMARK [0][-]{chapter*.1}{\376\377\000S\000p\000i\000s\000\040\000t\000r\000e\001\133\000c\000i}{}% 1
\BOOKMARK [0][-]{chapter.2}{\376\377\000W\000s\000t\001\031\000p}{}% 2
\BOOKMARK [1][-]{section.3}{\376\377\000M\000o\000t\000y\000w\000a\000c\000j\000a\000\040\000i\000\040\000t\001\102\000o\000\040\000p\000r\000o\000j\000e\000k\000t\000u}{chapter.2}% 3
\BOOKMARK [1][-]{section.4}{\376\377\000O\000p\000i\000s\000\040\000p\000r\000o\000b\000l\000e\000m\000u\000\040\000t\000e\000c\000h\000n\000i\000c\000z\000n\000e\000g\000o}{chapter.2}% 4
\BOOKMARK [1][-]{section.5}{\376\377\000C\000e\000l\000\040\000i\000\040\000z\000a\000k\000r\000e\000s\000\040\000p\000r\000a\000c\000y}{chapter.2}% 5
\BOOKMARK [0][-]{chapter.6}{\376\377\000U\000k\001\102\000a\000d\000\040\000e\000l\000e\000k\000t\000r\000o\000n\000i\000c\000z\000n\000y}{}% 6
\BOOKMARK [1][-]{section.7}{\376\377\000M\000o\000d\000u\001\102\000\040\000z\000a\000s\000i\000l\000a\000j\001\005\000c\000y}{chapter.6}% 7
\BOOKMARK [2][-]{subsection.10}{\376\377\000A\000r\000c\000h\000i\000t\000e\000k\000t\000u\000r\000a\000\040\000s\000y\000s\000t\000e\000m\000u\000\040\000i\000\040\000s\000e\000p\000a\000r\000a\000c\000j\000a\000\040\000n\000a\000p\000i\001\031\001\007}{section.7}% 8
\BOOKMARK [2][-]{subsection.11}{\376\377\000Z\000a\000s\000i\000l\000a\000n\000i\000e\000\040\000u\000k\001\102\000a\000d\000u\000\040\000z\000\040\000f\000u\000n\000k\000c\000j\001\005\000\040\000o\000c\000h\000r\000o\000n\000y\000\040\000o\000g\000n\000i\000w\000\040\040\023\000\040\000S\0009\000V\0001\0001\000M\000A\000C\000M\000A}{section.7}% 9
\BOOKMARK [2][-]{subsection.12}{\376\377\000R\000e\000g\000u\000l\000a\000t\000o\000r\000\040\000l\000o\000g\000i\000k\000i\000\040\040\023\000\040\000S\0001\0003\000V\0003\0000\000F\0005}{section.7}% 10
\BOOKMARK [2][-]{subsection.13}{\376\377\000A\000n\000a\000l\000i\000z\000a\000\040\000s\000p\000a\000d\000k\000\363\000w\000\040\000n\000a\000p\000i\001\031\000c\000i\000a\000\040\000i\000\040\000b\000e\000z\000p\000i\000e\000c\000z\000e\001\104\000s\000t\000w\000o\000\040\000o\000p\000e\000r\000a\000c\000y\000j\000n\000e}{section.7}% 11
\BOOKMARK [1][-]{section.14}{\376\377\000K\000o\000m\000p\000u\000t\000e\000r\000\040\000i\000\040\000s\000i\000l\000n\000i\000k\000i}{chapter.6}% 12
\BOOKMARK [2][-]{subsection.15}{\376\377\000J\000e\000d\000n\000o\000s\000t\000k\000a\000\040\000c\000e\000n\000t\000r\000a\000l\000n\000a\000\040\040\023\000\040\000R\000a\000s\000p\000b\000e\000r\000r\000y\000\040\000P\000i\000\040\000Z\000e\000r\000o\000\040\0002\000W}{section.14}% 13
\BOOKMARK [2][-]{subsection.16}{\376\377\000U\000k\001\102\000a\000d\000\040\000w\000y\000k\000o\000n\000a\000w\000c\000z\000y\000\040\000i\000\040\000m\000o\000s\000t\000k\000i\000\040\000H\000\040\000L\0002\0009\0003\000D}{section.14}% 14
\BOOKMARK [2][-]{subsection.17}{\376\377\000N\000a\000p\001\031\000d\000\040\000i\000\040\000z\000a\000s\000i\000l\000a\000n\000i\000e}{section.14}% 15
\BOOKMARK [0][-]{chapter.20}{\376\377\000C\000A\000D}{}% 16
\BOOKMARK [1][-]{section.21}{\376\377\000P\000r\000o\000j\000e\000k\000t\000\040\000m\000e\000c\000h\000a\000n\000i\000c\000z\000n\000y\000\040\000i\000\040\000m\000o\000d\000e\000l\000e\000\040\000C\000A\000D}{chapter.20}% 17
\BOOKMARK [2][-]{subsection.22}{\376\377\000M\000o\000d\000u\001\102\000\040\000c\000e\000n\000t\000r\000a\000l\000n\000y\000\040\000i\000\040\000n\000a\000p\001\031\000d\000o\000w\000y}{section.21}% 18
\BOOKMARK [2][-]{subsection.33}{\376\377\000U\000k\001\102\000a\000d\000\040\000w\000a\000h\000a\000d\001\102\000a\000\040\000i\000\040\000p\000o\000w\001\102\000o\000k\000a\000\040\000z\000e\000w\000n\001\031\000t\000r\000z\000n\000a}{section.21}% 19
\BOOKMARK [0][-]{chapter.40}{\376\377\000O\000p\000r\000o\000g\000r\000a\000m\000o\000w\000a\000n\000i\000e}{}% 20
\BOOKMARK [1][-]{section.41}{\376\377\000A\000p\000l\000i\000k\000a\000c\000j\000a\000\040\000s\000t\000e\000r\000u\000j\001\005\000c\000a\000\040\000\050\000C\000o\000n\000t\000r\000o\000l\000l\000e\000r\000\051}{chapter.40}% 21
\BOOKMARK [2][-]{subsection.42}{\376\377\000A\000r\000c\000h\000i\000t\000e\000k\000t\000u\000r\000a\000\040\000k\000l\000i\000e\000n\000t\000a\000\040\000i\000\040\000k\000o\000m\000u\000n\000i\000k\000a\000c\000j\000a\000\040\000s\000i\000e\000c\000i\000o\000w\000a}{section.41}% 22
\BOOKMARK [2][-]{subsection.66}{\376\377\000P\000r\000z\000e\000t\000w\000a\000r\000z\000a\000n\000i\000e\000\040\000w\000e\000j\001\133\000c\000i\000a\000\040\000i\000\040\000m\000a\000p\000o\000w\000a\000n\000i\000e\000\040\000k\000l\000a\000w\000i\000s\000z\000y}{section.41}% 23
\BOOKMARK [1][-]{section.92}{\376\377\000O\000p\000r\000o\000g\000r\000a\000m\000o\000w\000a\000n\000i\000e\000\040\000w\000y\000k\000o\000n\000a\000w\000c\000z\000e\000\040\000\050\000R\000e\000c\000e\000i\000v\000e\000r\000\051}{chapter.40}% 24
\BOOKMARK [2][-]{subsection.93}{\376\377\000A\000r\000c\000h\000i\000t\000e\000k\000t\000u\000r\000a\000\040\000s\000e\000r\000w\000e\000r\000a\000\040\000i\000\040\000o\000b\000s\001\102\000u\000g\000a\000\040\000p\000o\001\102\001\005\000c\000z\000e\001\104}{section.92}% 25
\BOOKMARK [2][-]{subsection.124}{\376\377\000L\000o\000g\000i\000k\000a\000\040\000s\000t\000e\000r\000o\000w\000a\000n\000i\000a\000\040\000i\000\040\000w\000a\000r\000s\000t\000w\000a\000\040\000s\000p\000r\000z\001\031\000t\000o\000w\000a}{section.92}% 26
\BOOKMARK [0][-]{chapter.168}{\376\377\000I\000n\000i\000c\000j\000a\000l\000i\000z\000a\000c\000j\000a}{}% 27
\BOOKMARK [1][-]{section.169}{\376\377\000I\000n\000i\000c\000j\000a\000l\000i\000z\000a\000c\000j\000a\000\040\000i\000\040\000p\000r\000o\000c\000e\000d\000u\000r\000a\000\040\000s\000t\000a\000r\000t\000o\000w\000a\000\040\000s\000y\000s\000t\000e\000m\000u}{chapter.168}% 28
\BOOKMARK [2][-]{subsection.170}{\376\377\000I\000n\000i\000c\000j\000a\000l\000i\000z\000a\000c\000j\000a\000\040\000w\000a\000r\000s\000t\000w\000y\000\040\000s\000p\000r\000z\001\031\000t\000o\000w\000e\000j\000\040\000\050\000H\000a\000r\000d\000w\000a\000r\000e\000\040\000L\000a\000y\000e\000r\000\051}{section.169}% 29
\BOOKMARK [2][-]{subsection.171}{\376\377\000U\000r\000u\000c\000h\000o\000m\000i\000e\000n\000i\000e\000\040\000j\000e\000d\000n\000o\000s\000t\000k\000i\000\040\000s\000t\000e\000r\000u\000j\001\005\000c\000e\000j\000\040\000i\000\040\000s\000e\000r\000w\000e\000r\000a}{section.169}% 30
\BOOKMARK [2][-]{subsection.172}{\376\377\000U\000s\000t\000a\000n\000o\000w\000i\000e\000n\000i\000e\000\040\000p\000o\001\102\001\005\000c\000z\000e\000n\000i\000a\000\040\000i\000\040\000a\000u\000t\000o\000r\000y\000z\000a\000c\000j\000a}{section.169}% 31
\BOOKMARK [0][-]{chapter.176}{\376\377\000T\000e\000o\000r\000i\000a}{}% 32
\BOOKMARK [1][-]{section.177}{\376\377\000Z\000a\000s\000t\000o\000s\000o\000w\000a\000n\000e\000\040\000a\000l\000g\000o\000r\000y\000t\000m\000y\000\040\000i\000\040\000i\000c\000h\000\040\000i\000m\000p\000l\000e\000m\000e\000n\000t\000a\000c\000j\000a}{chapter.176}% 33
\BOOKMARK [2][-]{subsection.178}{\376\377\000K\000i\000n\000e\000m\000a\000t\000y\000k\000a\000\040\000n\000a\000p\001\031\000d\000u\000\040\000r\000\363\001\174\000n\000i\000c\000o\000w\000e\000g\000o\000\040\000i\000\040\000s\000t\000e\000r\000o\000w\000a\000n\000i\000e\000\040\000w\000a\000h\000a\000d\001\102\000e\000m}{section.177}% 34
\BOOKMARK [2][-]{subsection.212}{\376\377\000A\000l\000g\000o\000r\000y\000t\000m\000\040\000w\000y\000g\001\102\000a\000d\000z\000a\000n\000i\000a\000\040\000r\000u\000c\000h\000u\000\040\000\050\000S\000o\000f\000t\000\040\000S\000t\000a\000r\000t\000\051}{section.177}% 35
\BOOKMARK [2][-]{subsection.221}{\376\377\000P\000r\000o\000t\000o\000k\000\363\001\102\000\040\000k\000o\000m\000u\000n\000i\000k\000a\000c\000y\000j\000n\000y\000\040\000i\000\040\000p\000a\000r\000s\000o\000w\000a\000n\000i\000e\000\040\000k\000o\000m\000e\000n\000d}{section.177}% 36
\BOOKMARK [2][-]{subsection.234}{\376\377\000A\000l\000g\000o\000r\000y\000t\000m\000\040\000b\000e\000z\000p\000i\000e\000c\000z\000e\001\104\000s\000t\000w\000a\000\040\000\050\000F\000a\000i\000l\000s\000a\000f\000e\000\051}{section.177}% 37
\BOOKMARK [0][-]{chapter.240}{\376\377\000P\000o\000d\000s\000u\000m\000o\000w\000a\000n\000i\000e}{}% 38
\BOOKMARK [1][-]{section.241}{\376\377\000Z\000a\000k\000o\001\104\000c\000z\000e\000n\000i\000e\000\040\000i\000\040\000w\000n\000i\000o\000s\000k\000i}{chapter.240}% 39
\BOOKMARK [2][-]{subsection.242}{\376\377\000W\000n\000i\000o\000s\000k\000i\000\040\000t\000e\000c\000h\000n\000i\000c\000z\000n\000e}{section.241}% 40
\BOOKMARK [2][-]{subsection.243}{\376\377\000U\000w\000a\000g\000i\000\040\000e\000k\000s\000p\000l\000o\000a\000t\000a\000c\000y\000j\000n\000e\000\040\000i\000\040\000o\000b\000s\000e\000r\000w\000a\000c\000j\000e\000\040\000\050\000N\000o\000t\000a\000t\000k\000i\000\040\000o\000b\000s\000e\000r\000w\000a\000t\000o\000r\000a\000\051}{section.241}% 41
\BOOKMARK [2][-]{subsection.244}{\376\377\000K\000i\000e\000r\000u\000n\000k\000i\000\040\000d\000a\000l\000s\000z\000e\000g\000o\000\040\000r\000o\000z\000w\000o\000j\000u}{section.241}% 42
\BOOKMARK [0][-]{chapter*.247}{\376\377\000B\000i\000b\000l\000i\000o\000g\000r\000a\000f\000i\000a}{}% 43
